\BOOKMARK [0][]{chapter.1}{\376\377\0001\000\040\000P\000r\000e\000l\000i\000m\000i\000n\000a\000r\000i\000e\000s}{}% 1
\BOOKMARK [1][]{section.1.1}{\376\377\0001\000.\0001\000\040\000I\000n\000t\000e\000g\000r\000a\000t\000i\000o\000n\000\040\000o\000n\000\040\000m\000a\000n\000i\000f\000o\000l\000d\000s}{chapter.1}% 2
\BOOKMARK [1][]{section.1.2}{\376\377\0001\000.\0002\000\040\000T\000h\000e\000\040\000e\000x\000t\000e\000n\000s\000i\000o\000n\000\040\000o\000f\000\040\000t\000h\000e\000\040\000L\000e\000v\000i\000-\000C\000i\000v\000i\000t\000a\000\040\000c\000o\000n\000n\000e\000c\000t\000i\000o\000n}{chapter.1}% 3
\BOOKMARK [1][]{section.1.3}{\376\377\0001\000.\0003\000\040\000C\000o\000v\000a\000r\000i\000a\000n\000t\000\040\000d\000e\000r\000i\000v\000a\000t\000i\000v\000e\000s}{chapter.1}% 4
\BOOKMARK [0][]{chapter.2}{\376\377\0002\000\040\000T\000h\000e\000\040\000L\000a\000p\000l\000a\000c\000i\000a\000n}{}% 5
\BOOKMARK [1][]{section.2.1}{\376\377\0002\000.\0001\000\040\000T\000h\000e\000\040\000L\000a\000p\000l\000a\000c\000e\000\040\000o\000p\000e\000r\000a\000t\000o\000r}{chapter.2}% 6
\BOOKMARK [1][]{section.2.2}{\376\377\0002\000.\0002\000\040\000S\000e\000l\000f\000-\000a\000d\000j\000o\000i\000n\000t\000\040\000e\000x\000t\000e\000n\000s\000i\000o\000n\000\040\000o\000f\000\040\000t\000h\000e\000\040\000L\000a\000p\000l\000a\000c\000e\000\040\000o\000p\000e\000r\000a\000t\000o\000r}{chapter.2}% 7
\BOOKMARK [1][]{section.2.3}{\376\377\0002\000.\0003\000\040\000V\000a\000r\000i\000a\000t\000i\000o\000n\000a\000l\000\040\000c\000h\000a\000r\000a\000c\000t\000e\000r\000i\000z\000a\000t\000i\000o\000n\000\040\000o\000f\000\040\000s\000p\000e\000c\000t\000r\000u\000m}{chapter.2}% 8
\BOOKMARK [1][]{section.2.4}{\376\377\0002\000.\0004\000\040\000T\000h\000e\000\040\000n\000e\000w\000\040\000W\000e\000y\000l\000\040\000c\000r\000i\000t\000e\000r\000i\000a}{chapter.2}% 9
\BOOKMARK [1][]{section.2.5}{\376\377\0002\000.\0005\000\040\000P\000o\000i\000n\000c\000a\000r\000\351\000\040\000i\000n\000e\000q\000u\000a\000l\000i\000t\000y\000\040\000a\000n\000d\000\040\000S\000o\000b\000o\000l\000e\000v\000\040\000i\000n\000e\000q\000u\000a\000l\000i\000t\000y}{chapter.2}% 10
\BOOKMARK [0][]{chapter.3}{\376\377\0003\000\040\000G\000r\000a\000d\000i\000e\000n\000t\000\040\000e\000s\000t\000i\000m\000a\000t\000e\000s}{}% 11
\BOOKMARK [1][]{section.3.1}{\376\377\0003\000.\0001\000\040\000C\000o\000m\000p\000a\000r\000i\000s\000o\000n\000\040\000T\000h\000e\000o\000r\000e\000m\000s}{chapter.3}% 12
\BOOKMARK [1][]{section.3.2}{\376\377\0003\000.\0002\000\040\000G\000r\000a\000d\000i\000e\000n\000t\000\040\000e\000s\000t\000i\000m\000a\000t\000e\000s\000\040\000a\000n\000d\000\040\000m\000a\000x\000i\000m\000a\000l\000\040\000p\000r\000i\000n\000c\000i\000p\000l\000e}{chapter.3}% 13
\BOOKMARK [1][]{section.3.3}{\376\377\0003\000.\0003\000\040\000H\000a\000r\000m\000o\000n\000i\000c\000\040\000f\000u\000n\000c\000t\000i\000o\000n\000s\000\040\000r\000e\000v\000i\000s\000i\000t\000e\000d}{chapter.3}% 14
\BOOKMARK [0][]{chapter.4}{\376\377\0004\000\040\000H\000e\000a\000t\000\040\000k\000e\000r\000n\000e\000l\000\040\000a\000n\000d\000\040\000G\000r\000e\000e\000n\000'\000s\000\040\000f\000u\000n\000c\000t\000i\000o\000n\000s\000\040\000o\000n\000\040\000c\000o\000m\000p\000l\000e\000t\000e\000\040\000m\000a\000n\000i\000f\000o\000l\000d}{}% 15
\BOOKMARK [1][]{section.4.1}{\376\377\0004\000.\0001\000\040\000H\000e\000a\000t\000\040\000k\000e\000r\000n\000e\000l}{chapter.4}% 16
\BOOKMARK [1][]{section.4.2}{\376\377\0004\000.\0002\000\040\000G\000r\000e\000e\000n\000'\000s\000\040\000f\000u\000n\000c\000t\000i\000o\000n\000\040\000a\000n\000d\000\040\000p\000a\000r\000o\000b\000o\000l\000i\000c\000i\000t\000y}{chapter.4}% 17
\BOOKMARK [0][]{chapter.5}{\376\377\0005\000\040\000E\000i\000g\000e\000n\000v\000a\000l\000u\000e\000\040\000p\000r\000o\000b\000l\000e\000m\000s}{}% 18
\BOOKMARK [1][]{section.5.1}{\376\377\0005\000.\0001\000\040\000E\000i\000g\000e\000n\000v\000a\000l\000u\000e}{chapter.5}% 19
\BOOKMARK [1][]{section.5.2}{\376\377\0005\000.\0002\000\040\000E\000i\000g\000e\000n\000v\000a\000l\000u\000e\000\040\000p\000r\000o\000b\000l\000e\000m\000s\000\050\000I\000I\000\051}{chapter.5}% 20
\BOOKMARK [1][]{section.5.3}{\376\377\0005\000.\0003\000\040\000f\000i\000r\000s\000t\000\040\000E\000i\000g\000e\000n\000v\000a\000l\000u\000e}{chapter.5}% 21
\BOOKMARK [1][]{section.5.4}{\376\377\0005\000.\0004\000\040\000T\000h\000e\000\040\000l\000o\000w\000e\000r\000\040\000b\000o\000u\000n\000d\000\040\000o\000f\000\040\000\040\0002\000\040\000-\000\040\0001}{chapter.5}% 22
\BOOKMARK [1][]{section.5.5}{\376\377\0005\000.\0005\000\040\000S\000p\000e\000c\000t\000r\000u\000m\000\040\000g\000a\000p\000\040\000o\000f\000\040\000t\000h\000e\000\040\000f\000i\000r\000s\000t\000\040\000t\000w\000o\000\040\000e\000i\000g\000e\000n\000v\000a\000l\000u\000e\000s}{chapter.5}% 23
\BOOKMARK [0][]{chapter.6}{\376\377\0006\000\040\000E\000s\000s\000e\000n\000t\000i\000a\000l\000\040\000S\000p\000e\000c\000t\000r\000u\000m\000\040\000o\000n\000\040\000c\000o\000m\000p\000l\000e\000t\000e\000\040\000n\000o\000n\000-\000c\000o\000m\000p\000a\000c\000t\000\040\000m\000a\000n\000i\000f\000o\000l\000d}{}% 24
\BOOKMARK [1][]{section.6.1}{\376\377\0006\000.\0001\000\040\000S\000p\000e\000c\000t\000r\000u\000m\000\040\000o\000n\000\040\000c\000o\000m\000p\000l\000e\000t\000e\000\040\000n\000o\000n\000-\000c\000o\000m\000p\000a\000c\000t\000\040\000m\000a\000n\000i\000f\000o\000l\000d\000s}{chapter.6}% 25
\BOOKMARK [1][]{section.6.2}{\376\377\0006\000.\0002\000\040\000T\000h\000e\000\040\000L\000p\000-\000s\000p\000e\000c\000t\000r\000u\000m\000\040\000o\000f\000\040\000t\000h\000e\000\040\000L\000a\000p\000l\000a\000c\000i\000a\000n}{chapter.6}% 26
\BOOKMARK [1][]{section.6.3}{\376\377\0006\000.\0003\000\040\000O\000n\000\040\000t\000h\000e\000\040\000e\000s\000s\000e\000n\000t\000i\000a\000l\000\040\000s\000p\000e\000c\000t\000r\000u\000m\000\040\000o\000f\000\040\000c\000o\000m\000p\000l\000e\000t\000e\000\040\000n\000o\000n\000-\000c\000o\000m\000p\000a\000c\000t\000\040\000m\000a\000n\000i\000f\000o\000l\000d}{chapter.6}% 27
\BOOKMARK [0][]{chapter.7}{\376\377\0007\000\040\000T\000h\000e\000\040\000H\000o\000d\000g\000e\000\040\000T\000h\000o\000e\000r\000e\000m}{}% 28
\BOOKMARK [1][]{section.7.1}{\376\377\0007\000.\0001\000\040\000T\000h\000e\000\040\000P\000o\000i\000n\000c\000a\000r\000\351\000\040\000L\000e\000m\000m\000a}{chapter.7}% 29
\BOOKMARK [1][]{section.7.2}{\376\377\0007\000.\0002\000\040\000d\000e\000\040\000R\000h\000a\000m\000\040\000T\000h\000e\000o\000r\000e\000m}{chapter.7}% 30
\BOOKMARK [1][]{section.7.3}{\376\377\0007\000.\0003\000\040\000F\000o\000r\000m\000a\000l\000\040\000H\000o\000d\000g\000e\000\040\000T\000h\000e\000o\000r\000e\000m}{chapter.7}% 31
\BOOKMARK [1][]{section.7.4}{\376\377\0007\000.\0004\000\040\000T\000h\000e\000\040\000H\000o\000d\000g\000e\000\040\000t\000h\000e\000o\000r\000e\000m}{chapter.7}% 32
\BOOKMARK [1][]{section.7.5}{\376\377\0007\000.\0005\000\040\000P\000r\000o\000o\000f\000\040\000o\000f\000\040\000t\000h\000e\000\040\000H\000o\000d\000g\000e\000\040\000T\000h\000e\000o\000r\000e\000m}{chapter.7}% 33
\BOOKMARK [1][]{section.7.6}{\376\377\0007\000.\0006\000\040\000M\000o\000r\000e\000\040\000a\000b\000o\000u\000t\000\040\000e\000l\000l\000i\000p\000t\000i\000c\000\040\000r\000e\000g\000u\000l\000a\000r\000i\000t\000y}{chapter.7}% 34
\BOOKMARK [0][]{chapter.8}{\376\377\0008\000\040\000S\000e\000m\000i\000g\000r\000o\000u\000p\000s\000\040\000a\000n\000d\000\040\000h\000e\000a\000t\000\040\000k\000e\000r\000n\000e\000l\000s}{}% 35
\BOOKMARK [1][]{section.8.1}{\376\377\0008\000.\0001\000\040\000S\000e\000m\000i\000g\000r\000o\000u\000p\000\040\000a\000n\000d\000\040\000i\000t\000s\000\040\000g\000e\000n\000e\000r\000a\000t\000o\000r}{chapter.8}% 36
\BOOKMARK [1][]{section.8.2}{\376\377\0008\000.\0002\000\040\000H\000e\000a\000t\000\040\000k\000e\000r\000n\000e\000l}{chapter.8}% 37
\BOOKMARK [0][]{chapter.9}{\376\377\0009\000\040\000T\000h\000e\000\040\000P\000D\000E\000s}{}% 38
\BOOKMARK [1][]{section.9.1}{\376\377\0009\000.\0001\000\040\000D\000e\000\040\000G\000i\000o\000r\000g\000i\000-\000N\000a\000s\000h\000-\000M\000o\000s\000e\000r\000\040\000E\000s\000t\000i\000m\000a\000t\000e\000s}{chapter.9}% 39
\BOOKMARK [1][]{section.9.2}{\376\377\0009\000.\0002\000\040\000A\000l\000e\000k\000s\000a\000n\000d\000r\000o\000v\000\040\000m\000a\000x\000i\000m\000u\000m\000\040\000p\000r\000i\000n\000c\000i\000p\000l\000e}{chapter.9}% 40
\BOOKMARK [1][]{section.9.3}{\376\377\0009\000.\0003\000\040\000K\000r\000y\000l\000o\000v\000-\000S\000a\000f\000o\000n\000o\000v\000\040\000E\000s\000t\000i\000m\000a\000t\000e\000s}{chapter.9}% 41
\BOOKMARK [0][]{chapter.10}{\376\377\0001\0000\000\040\000S\000p\000e\000c\000i\000a\000l\000\040\000t\000o\000p\000i\000c\000s}{}% 42
\BOOKMARK [1][]{section.10.1}{\376\377\0001\0000\000.\0001\000\040\000T\000h\000e\000\040\000R\000e\000v\000e\000r\000s\000e\000\040\000H\000\366\000l\000d\000e\000r\000\040\000I\000n\000e\000q\000u\000a\000l\000i\000t\000y}{chapter.10}% 43
\BOOKMARK [1][]{section.10.2}{\376\377\0001\0000\000.\0002\000\040\000T\000h\000e\000\040\000G\000r\000i\000g\000o\000r\000'\000y\000a\000n\000-\000N\000e\000t\000r\000u\000s\000o\000v\000-\000Y\000a\000u\000\040\000c\000o\000v\000e\000r}{chapter.10}% 44
